find_header: checking for #include <json/json.h>
... -------------------- yes

"gcc -E -I. -I/System/Library/Frameworks/Ruby.framework/Versions/1.8/usr/lib/ruby/1.8/universal-darwin9.0 -I.   -Os -pipe -fno-common  -g -DXP_UNIX -O3 -Wall -Wextra -Wcast-qual -Wwrite-strings -Wconversion -Wmissing-noreturn -Winline  conftest.c -o conftest.i"
checked program was:
/* begin */
1: #include <json/json.h>
/* end */

--------------------

find_library: checking for json_object_new_string() in -ljson... -------------------- yes

"gcc -o conftest -I. -I/System/Library/Frameworks/Ruby.framework/Versions/1.8/usr/lib/ruby/1.8/universal-darwin9.0 -I.  -arch i386 -Os -pipe -fno-common  -g -DXP_UNIX -O3 -Wall -Wextra -Wcast-qual -Wwrite-strings -Wconversion -Wmissing-noreturn -Winline conftest.c  -L"." -L"/System/Library/Frameworks/Ruby.framework/Versions/1.8/usr/lib" -L. -arch i386     -lruby -ljson  -lpthread -ldl -lm  "
conftest.c: In function ‘t’:
conftest.c:3: error: ‘json_object_new_string’ undeclared (first use in this function)
conftest.c:3: error: (Each undeclared identifier is reported only once
conftest.c:3: error: for each function it appears in.)
checked program was:
/* begin */
1: /*top*/
2: int main() { return 0; }
3: int t() { void ((*volatile p)()); p = (void ((*)()))json_object_new_string; return 0; }
/* end */

"gcc -o conftest -I. -I/System/Library/Frameworks/Ruby.framework/Versions/1.8/usr/lib/ruby/1.8/universal-darwin9.0 -I.  -arch i386 -Os -pipe -fno-common  -g -DXP_UNIX -O3 -Wall -Wextra -Wcast-qual -Wwrite-strings -Wconversion -Wmissing-noreturn -Winline conftest.c  -L"." -L"/System/Library/Frameworks/Ruby.framework/Versions/1.8/usr/lib" -L. -arch i386     -lruby -ljson  -lpthread -ldl -lm  "
conftest.c: In function ‘t’:
conftest.c:3: warning: implicit declaration of function ‘json_object_new_string’
checked program was:
/* begin */
1: /*top*/
2: int main() { return 0; }
3: int t() { json_object_new_string(); return 0; }
/* end */

--------------------

